<?xml version="1.0" encoding="UTF-8"?>
<!-- Generated by org.testng.reporters.JUnitXMLReporter -->
<testsuite ignored="0" hostname="jashmitha" failures="1" tests="1" name="Hancok Test Cases" time="0.836" errors="0" timestamp="2025-03-31T17:02:03 IST">
  <testcase classname="com.OnlinePurchaseWebFlow.Tests.OnlinePurchaseWebFlowTests" name="@BeforeTest launch" time="0.052">
    <failure type="java.lang.IllegalStateException" message="The path to the driver executable must be set by the webdriver.chrome.driver system property; for more information, see https://github.com/SeleniumHQ/selenium/wiki/ChromeDriver. The latest version can be downloaded from http://chromedriver.storage.googleapis.com/index.html">
      <![CDATA[java.lang.IllegalStateException: The path to the driver executable must be set by the webdriver.chrome.driver system property; for more information, see https://github.com/SeleniumHQ/selenium/wiki/ChromeDriver. The latest version can be downloaded from http://chromedriver.storage.googleapis.com/index.html
at com.google.common.base.Preconditions.checkState(Preconditions.java:847)
at org.openqa.selenium.remote.service.DriverService.findExecutable(DriverService.java:124)
at org.openqa.selenium.chrome.ChromeDriverService.access$000(ChromeDriverService.java:32)
at org.openqa.selenium.chrome.ChromeDriverService$Builder.findDefaultExecutable(ChromeDriverService.java:137)
at org.openqa.selenium.remote.service.DriverService$Builder.build(DriverService.java:335)
at org.openqa.selenium.chrome.ChromeDriverService.createDefaultService(ChromeDriverService.java:88)
at org.openqa.selenium.chrome.ChromeDriver.<init>(ChromeDriver.java:120)
at com.OnlinePurchaseWebFlow.Tests.OnlinePurchaseWebFlowTests.launch(OnlinePurchaseWebFlowTests.java:21)
... Removed 22 stack frames]]>
    </failure>
  </testcase> <!-- @BeforeTest launch -->
  <testcase classname="com.utils.BaseClass" name="@AfterTest htmlReportsClose" time="0.0">
    <skipped/>
  </testcase> <!-- @AfterTest htmlReportsClose -->
  <testcase classname="com.OnlinePurchaseWebFlow.Tests.OnlinePurchaseWebFlowTests" name="onlineWebAppPurchaseFlow" time="0.0">
    <failure type="java.lang.RuntimeException" message="java.lang.NullPointerException: Cannot invoke &amp;quot;org.apache.poi.ss.usermodel.Sheet.getLastRowNum()&amp;quot; because &amp;quot;com.utils.DataDriven.sheet&amp;quot; is null">
      <![CDATA[java.lang.RuntimeException: java.lang.NullPointerException: Cannot invoke "org.apache.poi.ss.usermodel.Sheet.getLastRowNum()" because "com.utils.DataDriven.sheet" is null
at java.base/java.util.ArrayList.forEach(ArrayList.java:1596)
Caused by: java.lang.NullPointerException: Cannot invoke "org.apache.poi.ss.usermodel.Sheet.getLastRowNum()" because "com.utils.DataDriven.sheet" is null
at com.utils.DataDriven.getData(DataDriven.java:22)
at com.OnlinePurchaseWebFlow.Tests.OnlinePurchaseWebFlowTests.data_login(OnlinePurchaseWebFlowTests.java:48)
... 25 more
... Removed 30 stack frames]]>
    </failure>
  </testcase> <!-- onlineWebAppPurchaseFlow -->
</testsuite> <!-- Hancok Test Cases -->
